<?xml version="1.0" encoding="UTF-8"?>
<testsuite xmlns:xsi="http://www.w3.org/2001/XMLSchema-instance" xsi:noNamespaceSchemaLocation="https://maven.apache.org/surefire/maven-surefire-plugin/xsd/surefire-test-report-3.0.xsd" version="3.0" name="kimjang.toolkit.solsol.GreetingIntegrationTests" time="3.032" tests="1" errors="0" skipped="0" failures="1">
  <properties>
[...]
</properties>
  <testcase name="getGreeting" classname="kimjang.toolkit.solsol.GreetingIntegrationTests" time="3.021">
    <failure message="Greeting not received" type="org.opentest4j.AssertionFailedError"><![CDATA[org.opentest4j.AssertionFailedError: Greeting not received
	at org.junit.jupiter.api.AssertionUtils.fail(AssertionUtils.java:38)
	at org.junit.jupiter.api.Assertions.fail(Assertions.java:138)
	at kimjang.toolkit.solsol.GreetingIntegrationTests.getGreeting(GreetingIntegrationTests.java:93)
	at java.base/java.lang.reflect.Method.invoke(Method.java:580)
	at java.base/java.util.ArrayList.forEach(ArrayList.java:1596)
	at java.base/java.util.ArrayList.forEach(ArrayList.java:1596)
]]></failure>
    <system-out><![CDATA[2024-06-16T01:41:36.715+09:00  INFO 53662 --- [solsol-prod] [           main] t.c.s.AnnotationConfigContextLoaderUtils : Could not detect default configuration classes for test class [kimjang.toolkit.solsol.GreetingIntegrationTests]: GreetingIntegrationTests does not declare any static, non-private, non-final, nested classes annotated with @Configuration.
2024-06-16T01:41:36.719+09:00  INFO 53662 --- [solsol-prod] [           main] .b.t.c.SpringBootTestContextBootstrapper : Found @SpringBootConfiguration kimjang.toolkit.solsol.SolsolApplication for test class kimjang.toolkit.solsol.GreetingIntegrationTests
2024-06-16T01:41:36.726+09:00 DEBUG 53662 --- [solsol-prod] [o-auto-1-exec-6] o.s.security.web.FilterChainProxy        : Securing GET /gs-guide-websocket
2024-06-16T01:41:36.726+09:00 DEBUG 53662 --- [solsol-prod] [o-auto-1-exec-6] o.s.security.web.FilterChainProxy        : Secured GET /gs-guide-websocket
SEND : Spring
]]></system-out>
  </testcase>
</testsuite>