<?xml version="1.0" encoding="UTF-8"?>
<testsuite xmlns:xsi="http://www.w3.org/2001/XMLSchema-instance" xsi:noNamespaceSchemaLocation="https://maven.apache.org/surefire/maven-surefire-plugin/xsd/surefire-test-report-3.0.xsd" version="3.0" name="kimjang.toolkit.solsol.SolsolApplicationTests" time="0.112" tests="1" errors="0" skipped="0" failures="0">
  <properties>
[...]
</properties>
  <testcase name="contextLoads" classname="kimjang.toolkit.solsol.SolsolApplicationTests" time="0.001">
    <system-out><![CDATA[2024-06-12T11:54:34.726+09:00  INFO 81662 --- [solsol] [           main] t.c.s.AnnotationConfigContextLoaderUtils : Could not detect default configuration classes for test class [kimjang.toolkit.solsol.SolsolApplicationTests]: SolsolApplicationTests does not declare any static, non-private, non-final, nested classes annotated with @Configuration.
2024-06-12T11:54:34.729+09:00  INFO 81662 --- [solsol] [           main] .b.t.c.SpringBootTestContextBootstrapper : Found @SpringBootConfiguration kimjang.toolkit.solsol.SolsolApplication for test class kimjang.toolkit.solsol.SolsolApplicationTests
  .   ____          _            __ _ _
 /\\ / ___'_ __ _ _(_)_ __  __ _ \ \ \ \
( ( )\___ | '_ | '_| | '_ \/ _` | \ \ \ \
 \\/  ___)| |_)| | | | | || (_| |  ) ) ) )
  '  |____| .__|_| |_|_| |_\__, | / / / /
 =========|_|==============|___/=/_/_/_/

 :: Spring Boot ::                (v3.3.0)

2024-06-12T11:54:34.739+09:00  INFO 81662 --- [solsol] [           main] k.toolkit.solsol.SolsolApplicationTests  : Starting SolsolApplicationTests using Java 21.0.2 with PID 81662 (started by solsol in /Users/solsol/spring-study/webSocket/Backend)
2024-06-12T11:54:34.739+09:00  INFO 81662 --- [solsol] [           main] k.toolkit.solsol.SolsolApplicationTests  : No active profile set, falling back to 1 default profile: "default"
2024-06-12T11:54:34.817+09:00  INFO 81662 --- [solsol] [           main] o.s.b.a.w.s.WelcomePageHandlerMapping    : Adding welcome page: class path resource [static/index.html]
2024-06-12T11:54:34.830+09:00  INFO 81662 --- [solsol] [           main] o.s.m.s.b.SimpleBrokerMessageHandler     : Starting...
2024-06-12T11:54:34.830+09:00  INFO 81662 --- [solsol] [           main] o.s.m.s.b.SimpleBrokerMessageHandler     : BrokerAvailabilityEvent[available=true, SimpleBrokerMessageHandler [org.springframework.messaging.simp.broker.DefaultSubscriptionRegistry@b86cb18]]
2024-06-12T11:54:34.831+09:00  INFO 81662 --- [solsol] [           main] o.s.m.s.b.SimpleBrokerMessageHandler     : Started.
2024-06-12T11:54:34.832+09:00  INFO 81662 --- [solsol] [           main] k.toolkit.solsol.SolsolApplicationTests  : Started SolsolApplicationTests in 0.101 seconds (process running for 1.95)
]]></system-out>
  </testcase>
</testsuite>