<?xml version="1.0" encoding="UTF-8"?>
<testsuite xmlns:xsi="http://www.w3.org/2001/XMLSchema-instance" xsi:noNamespaceSchemaLocation="https://maven.apache.org/surefire/maven-surefire-plugin/xsd/surefire-test-report-3.0.xsd" version="3.0" name="kimjang.toolkit.solsol.message.MessageIntegrationTests" time="3.339" tests="1" errors="0" skipped="0" failures="0">
  <properties>
[...]
</properties>
  <testcase name="getGreeting" classname="kimjang.toolkit.solsol.message.MessageIntegrationTests" time="0.869">
    <system-out><![CDATA[01:41:33.452 [main] INFO org.springframework.test.context.support.AnnotationConfigContextLoaderUtils -- Could not detect default configuration classes for test class [kimjang.toolkit.solsol.message.MessageIntegrationTests]: MessageIntegrationTests does not declare any static, non-private, non-final, nested classes annotated with @Configuration.
01:41:33.502 [main] INFO org.springframework.boot.test.context.SpringBootTestContextBootstrapper -- Found @SpringBootConfiguration kimjang.toolkit.solsol.SolsolApplication for test class kimjang.toolkit.solsol.message.MessageIntegrationTests
  .   ____          _            __ _ _
 /\\ / ___'_ __ _ _(_)_ __  __ _ \ \ \ \
( ( )\___ | '_ | '_| | '_ \/ _` | \ \ \ \
 \\/  ___)| |_)| | | | | || (_| |  ) ) ) )
  '  |____| .__|_| |_|_| |_\__, | / / / /
 =========|_|==============|___/=/_/_/_/

 :: Spring Boot ::                (v3.3.0)

2024-06-16T01:41:33.672+09:00  INFO 53662 --- [solsol-prod] [           main] k.t.s.message.MessageIntegrationTests    : Starting MessageIntegrationTests using Java 21.0.2 with PID 53662 (started by solsol in /Users/solsol/spring-study/webSocket/Backend)
2024-06-16T01:41:33.673+09:00  INFO 53662 --- [solsol-prod] [           main] k.t.s.message.MessageIntegrationTests    : The following 1 profile is active: "prod"
2024-06-16T01:41:33.991+09:00  INFO 53662 --- [solsol-prod] [           main] .s.d.r.c.RepositoryConfigurationDelegate : Bootstrapping Spring Data JPA repositories in DEFAULT mode.
2024-06-16T01:41:34.024+09:00  INFO 53662 --- [solsol-prod] [           main] .s.d.r.c.RepositoryConfigurationDelegate : Finished Spring Data repository scanning in 23 ms. Found 3 JPA repository interfaces.
2024-06-16T01:41:34.280+09:00  INFO 53662 --- [solsol-prod] [           main] o.s.b.w.embedded.tomcat.TomcatWebServer  : Tomcat initialized with port 0 (http)
2024-06-16T01:41:34.286+09:00  INFO 53662 --- [solsol-prod] [           main] o.apache.catalina.core.StandardService   : Starting service [Tomcat]
2024-06-16T01:41:34.286+09:00  INFO 53662 --- [solsol-prod] [           main] o.apache.catalina.core.StandardEngine    : Starting Servlet engine: [Apache Tomcat/10.1.24]
2024-06-16T01:41:34.306+09:00  INFO 53662 --- [solsol-prod] [           main] o.a.c.c.C.[Tomcat].[localhost].[/]       : Initializing Spring embedded WebApplicationContext
2024-06-16T01:41:34.307+09:00  INFO 53662 --- [solsol-prod] [           main] w.s.c.ServletWebServerApplicationContext : Root WebApplicationContext: initialization completed in 628 ms
2024-06-16T01:41:34.393+09:00  INFO 53662 --- [solsol-prod] [           main] o.hibernate.jpa.internal.util.LogHelper  : HHH000204: Processing PersistenceUnitInfo [name: default]
2024-06-16T01:41:34.422+09:00  INFO 53662 --- [solsol-prod] [           main] org.hibernate.Version                    : HHH000412: Hibernate ORM core version 6.5.2.Final
2024-06-16T01:41:34.436+09:00  INFO 53662 --- [solsol-prod] [           main] o.h.c.internal.RegionFactoryInitiator    : HHH000026: Second-level cache disabled
2024-06-16T01:41:34.561+09:00  INFO 53662 --- [solsol-prod] [           main] o.s.o.j.p.SpringPersistenceUnitInfo      : No LoadTimeWeaver setup: ignoring JPA class transformer
2024-06-16T01:41:34.572+09:00  INFO 53662 --- [solsol-prod] [           main] com.zaxxer.hikari.HikariDataSource       : HikariPool-1 - Starting...
2024-06-16T01:41:34.777+09:00  INFO 53662 --- [solsol-prod] [           main] com.zaxxer.hikari.pool.HikariPool        : HikariPool-1 - Added connection com.mysql.cj.jdbc.ConnectionImpl@646d58cd
2024-06-16T01:41:34.777+09:00  INFO 53662 --- [solsol-prod] [           main] com.zaxxer.hikari.HikariDataSource       : HikariPool-1 - Start completed.
2024-06-16T01:41:34.805+09:00  WARN 53662 --- [solsol-prod] [           main] org.hibernate.orm.deprecation            : HHH90000025: MySQL8Dialect does not need to be specified explicitly using 'hibernate.dialect' (remove the property setting and it will be selected by default)
2024-06-16T01:41:34.806+09:00  WARN 53662 --- [solsol-prod] [           main] org.hibernate.orm.deprecation            : HHH90000026: MySQL8Dialect has been deprecated; use org.hibernate.dialect.MySQLDialect instead
2024-06-16T01:41:35.188+09:00  INFO 53662 --- [solsol-prod] [           main] o.h.e.t.j.p.i.JtaPlatformInitiator       : HHH000489: No JTA platform available (set 'hibernate.transaction.jta.platform' to enable JTA platform integration)
2024-06-16T01:41:35.235+09:00  INFO 53662 --- [solsol-prod] [           main] j.LocalContainerEntityManagerFactoryBean : Initialized JPA EntityManagerFactory for persistence unit 'default'
2024-06-16T01:41:35.324+09:00  WARN 53662 --- [solsol-prod] [           main] JpaBaseConfiguration$JpaWebConfiguration : spring.jpa.open-in-view is enabled by default. Therefore, database queries may be performed during view rendering. Explicitly configure spring.jpa.open-in-view to disable this warning
2024-06-16T01:41:35.337+09:00  WARN 53662 --- [solsol-prod] [           main] o.s.security.core.userdetails.User       : User.withDefaultPasswordEncoder() is considered unsafe for production and is only intended for sample applications.
2024-06-16T01:41:35.417+09:00  WARN 53662 --- [solsol-prod] [           main] o.s.security.core.userdetails.User       : User.withDefaultPasswordEncoder() is considered unsafe for production and is only intended for sample applications.
2024-06-16T01:41:35.491+09:00  INFO 53662 --- [solsol-prod] [           main] r$InitializeUserDetailsManagerConfigurer : Global AuthenticationManager configured with UserDetailsService bean with name userDetailService
2024-06-16T01:41:35.534+09:00  INFO 53662 --- [solsol-prod] [           main] o.s.b.a.w.s.WelcomePageHandlerMapping    : Adding welcome page: class path resource [static/index.html]
2024-06-16T01:41:35.604+09:00  INFO 53662 --- [solsol-prod] [           main] o.s.s.web.DefaultSecurityFilterChain     : Will secure any request with [org.springframework.security.web.session.DisableEncodeUrlFilter@6ae55678, org.springframework.security.web.context.request.async.WebAsyncManagerIntegrationFilter@4bc75792, org.springframework.security.web.context.SecurityContextHolderFilter@173602c0, org.springframework.security.web.header.HeaderWriterFilter@1043c493, org.springframework.web.filter.CorsFilter@2a0d8df8, org.springframework.security.web.csrf.CsrfFilter@797c67c, org.springframework.security.web.authentication.logout.LogoutFilter@4dcc0e3d, org.springframework.security.web.authentication.UsernamePasswordAuthenticationFilter@72ea5674, org.springframework.security.web.authentication.ui.DefaultLoginPageGeneratingFilter@7d453075, org.springframework.security.web.authentication.ui.DefaultLogoutPageGeneratingFilter@63be4548, org.springframework.security.web.authentication.www.BasicAuthenticationFilter@773ad729, kimjang.toolkit.solsol.filter.CsrfCookieFilter@232899d1, org.springframework.security.web.savedrequest.RequestCacheAwareFilter@1cecd0a9, org.springframework.security.web.servletapi.SecurityContextHolderAwareRequestFilter@6fa5fc67, org.springframework.security.web.authentication.AnonymousAuthenticationFilter@522221e1, org.springframework.security.web.session.SessionManagementFilter@12115c28, org.springframework.security.web.access.ExceptionTranslationFilter@2693e39c, org.springframework.security.web.access.intercept.AuthorizationFilter@7d5ddfac]
2024-06-16T01:41:35.792+09:00  INFO 53662 --- [solsol-prod] [           main] o.s.l.c.support.AbstractContextSource    : Property 'userDn' not set - anonymous context will be used for read-only operations
2024-06-16T01:41:35.833+09:00  INFO 53662 --- [solsol-prod] [           main] o.s.b.w.embedded.tomcat.TomcatWebServer  : Tomcat started on port 56531 (http) with context path '/'
2024-06-16T01:41:35.833+09:00  INFO 53662 --- [solsol-prod] [           main] o.s.m.s.b.SimpleBrokerMessageHandler     : Starting...
2024-06-16T01:41:35.833+09:00  INFO 53662 --- [solsol-prod] [           main] o.s.m.s.b.SimpleBrokerMessageHandler     : BrokerAvailabilityEvent[available=true, SimpleBrokerMessageHandler [org.springframework.messaging.simp.broker.DefaultSubscriptionRegistry@4540aade]]
2024-06-16T01:41:35.834+09:00  INFO 53662 --- [solsol-prod] [           main] o.s.m.s.b.SimpleBrokerMessageHandler     : Started.
2024-06-16T01:41:35.839+09:00  INFO 53662 --- [solsol-prod] [           main] k.t.s.message.MessageIntegrationTests    : Started MessageIntegrationTests in 2.273 seconds (process running for 2.701)
2024-06-16T01:41:36.626+09:00  INFO 53662 --- [solsol-prod] [o-auto-1-exec-1] o.a.c.c.C.[Tomcat].[localhost].[/]       : Initializing Spring DispatcherServlet 'dispatcherServlet'
2024-06-16T01:41:36.626+09:00  INFO 53662 --- [solsol-prod] [o-auto-1-exec-1] o.s.web.servlet.DispatcherServlet        : Initializing Servlet 'dispatcherServlet'
2024-06-16T01:41:36.627+09:00  INFO 53662 --- [solsol-prod] [o-auto-1-exec-1] o.s.web.servlet.DispatcherServlet        : Completed initialization in 1 ms
2024-06-16T01:41:36.636+09:00 DEBUG 53662 --- [solsol-prod] [o-auto-1-exec-1] o.s.security.web.FilterChainProxy        : Securing GET /gs-guide-websocket
2024-06-16T01:41:36.643+09:00 DEBUG 53662 --- [solsol-prod] [o-auto-1-exec-1] o.s.security.web.FilterChainProxy        : Secured GET /gs-guide-websocket
SEND : Spring
2024-06-16T01:41:36.698+09:00  INFO 53662 --- [solsol-prod] [nboundChannel-7] k.t.s.m.controllor.WSChatController      : 방 번호 : 1  누가 : 효승이
언제 : 2023-12-12 20:00:00
어디서 : 1
내용 : 호식이 두마리 치킨 크크크 치킨은 회애!

응답 : 호식이 두마리 치킨 크크크 치킨은 회애!
]]></system-out>
    <system-err><![CDATA[WARNING: A Java agent has been loaded dynamically (/Users/solsol/.m2/repository/net/bytebuddy/byte-buddy-agent/1.14.16/byte-buddy-agent-1.14.16.jar)
WARNING: If a serviceability tool is in use, please run with -XX:+EnableDynamicAgentLoading to hide this warning
WARNING: If a serviceability tool is not in use, please run with -Djdk.instrument.traceUsage for more information
WARNING: Dynamic loading of agents will be disallowed by default in a future release
]]></system-err>
  </testcase>
</testsuite>